  InjectLib.cpp
     Creating library C:\Users\Admin\Documents\GitHub\NSLoader\Release\InjectLib.lib and object C:\Users\Admin\Documents\GitHub\NSLoader\Release\InjectLib.exp
  Generating code
  All 4924 functions were compiled because no usable IPDB/IOBJ from previous compilation was found.
  Finished generating code
BlackBone.lib(MMap.obj) : warning LNK4099: PDB 'BlackBone.pdb' was not found with 'BlackBone.lib(MMap.obj)' or at 'C:\Users\Admin\Documents\GitHub\NSLoader\Release\BlackBone.pdb'; linking object as if no debug info
BlackBone.lib(Process.obj) : warning LNK4099: PDB 'BlackBone.pdb' was not found with 'BlackBone.lib(Process.obj)' or at 'C:\Users\Admin\Documents\GitHub\NSLoader\Release\BlackBone.pdb'; linking object as if no debug info
BlackBone.lib(x86operand_regs.obj) : warning LNK4099: PDB 'BlackBone.pdb' was not found with 'BlackBone.lib(x86operand_regs.obj)' or at 'C:\Users\Admin\Documents\GitHub\NSLoader\Release\BlackBone.pdb'; linking object as if no debug info
BlackBone.lib(Utils.obj) : warning LNK4099: PDB 'BlackBone.pdb' was not found with 'BlackBone.lib(Utils.obj)' or at 'C:\Users\Admin\Documents\GitHub\NSLoader\Release\BlackBone.pdb'; linking object as if no debug info
BlackBone.lib(ProcessModules.obj) : warning LNK4099: PDB 'BlackBone.pdb' was not found with 'BlackBone.lib(ProcessModules.obj)' or at 'C:\Users\Admin\Documents\GitHub\NSLoader\Release\BlackBone.pdb'; linking object as if no debug info
BlackBone.lib(AsmHelper64.obj) : warning LNK4099: PDB 'BlackBone.pdb' was not found with 'BlackBone.lib(AsmHelper64.obj)' or at 'C:\Users\Admin\Documents\GitHub\NSLoader\Release\BlackBone.pdb'; linking object as if no debug info
BlackBone.lib(PEImage.obj) : warning LNK4099: PDB 'BlackBone.pdb' was not found with 'BlackBone.lib(PEImage.obj)' or at 'C:\Users\Admin\Documents\GitHub\NSLoader\Release\BlackBone.pdb'; linking object as if no debug info
BlackBone.lib(NameResolve.obj) : warning LNK4099: PDB 'BlackBone.pdb' was not found with 'BlackBone.lib(NameResolve.obj)' or at 'C:\Users\Admin\Documents\GitHub\NSLoader\Release\BlackBone.pdb'; linking object as if no debug info
BlackBone.lib(MExcept.obj) : warning LNK4099: PDB 'BlackBone.pdb' was not found with 'BlackBone.lib(MExcept.obj)' or at 'C:\Users\Admin\Documents\GitHub\NSLoader\Release\BlackBone.pdb'; linking object as if no debug info
BlackBone.lib(MemBlock.obj) : warning LNK4099: PDB 'BlackBone.pdb' was not found with 'BlackBone.lib(MemBlock.obj)' or at 'C:\Users\Admin\Documents\GitHub\NSLoader\Release\BlackBone.pdb'; linking object as if no debug info
BlackBone.lib(RemoteExec.obj) : warning LNK4099: PDB 'BlackBone.pdb' was not found with 'BlackBone.lib(RemoteExec.obj)' or at 'C:\Users\Admin\Documents\GitHub\NSLoader\Release\BlackBone.pdb'; linking object as if no debug info
BlackBone.lib(NtLoader.obj) : warning LNK4099: PDB 'BlackBone.pdb' was not found with 'BlackBone.lib(NtLoader.obj)' or at 'C:\Users\Admin\Documents\GitHub\NSLoader\Release\BlackBone.pdb'; linking object as if no debug info
BlackBone.lib(ProcessMemory.obj) : warning LNK4099: PDB 'BlackBone.pdb' was not found with 'BlackBone.lib(ProcessMemory.obj)' or at 'C:\Users\Admin\Documents\GitHub\NSLoader\Release\BlackBone.pdb'; linking object as if no debug info
BlackBone.lib(AsmHelper32.obj) : warning LNK4099: PDB 'BlackBone.pdb' was not found with 'BlackBone.lib(AsmHelper32.obj)' or at 'C:\Users\Admin\Documents\GitHub\NSLoader\Release\BlackBone.pdb'; linking object as if no debug info
BlackBone.lib(DriverControl.obj) : warning LNK4099: PDB 'BlackBone.pdb' was not found with 'BlackBone.lib(DriverControl.obj)' or at 'C:\Users\Admin\Documents\GitHub\NSLoader\Release\BlackBone.pdb'; linking object as if no debug info
BlackBone.lib(assembler.obj) : warning LNK4099: PDB 'BlackBone.pdb' was not found with 'BlackBone.lib(assembler.obj)' or at 'C:\Users\Admin\Documents\GitHub\NSLoader\Release\BlackBone.pdb'; linking object as if no debug info
BlackBone.lib(Threads.obj) : warning LNK4099: PDB 'BlackBone.pdb' was not found with 'BlackBone.lib(Threads.obj)' or at 'C:\Users\Admin\Documents\GitHub\NSLoader\Release\BlackBone.pdb'; linking object as if no debug info
BlackBone.lib(InitOnce.obj) : warning LNK4099: PDB 'BlackBone.pdb' was not found with 'BlackBone.lib(InitOnce.obj)' or at 'C:\Users\Admin\Documents\GitHub\NSLoader\Release\BlackBone.pdb'; linking object as if no debug info
BlackBone.lib(RemoteMemory.obj) : warning LNK4099: PDB 'BlackBone.pdb' was not found with 'BlackBone.lib(RemoteMemory.obj)' or at 'C:\Users\Admin\Documents\GitHub\NSLoader\Release\BlackBone.pdb'; linking object as if no debug info
BlackBone.lib(RemoteLocalHook.obj) : warning LNK4099: PDB 'BlackBone.pdb' was not found with 'BlackBone.lib(RemoteLocalHook.obj)' or at 'C:\Users\Admin\Documents\GitHub\NSLoader\Release\BlackBone.pdb'; linking object as if no debug info
BlackBone.lib(RemoteHook.obj) : warning LNK4099: PDB 'BlackBone.pdb' was not found with 'BlackBone.lib(RemoteHook.obj)' or at 'C:\Users\Admin\Documents\GitHub\NSLoader\Release\BlackBone.pdb'; linking object as if no debug info
BlackBone.lib(ProcessCore.obj) : warning LNK4099: PDB 'BlackBone.pdb' was not found with 'BlackBone.lib(ProcessCore.obj)' or at 'C:\Users\Admin\Documents\GitHub\NSLoader\Release\BlackBone.pdb'; linking object as if no debug info
BlackBone.lib(vmem.obj) : warning LNK4099: PDB 'BlackBone.pdb' was not found with 'BlackBone.lib(vmem.obj)' or at 'C:\Users\Admin\Documents\GitHub\NSLoader\Release\BlackBone.pdb'; linking object as if no debug info
BlackBone.lib(NativeSubsystem.obj) : warning LNK4099: PDB 'BlackBone.pdb' was not found with 'BlackBone.lib(NativeSubsystem.obj)' or at 'C:\Users\Admin\Documents\GitHub\NSLoader\Release\BlackBone.pdb'; linking object as if no debug info
BlackBone.lib(SymbolData.obj) : warning LNK4099: PDB 'BlackBone.pdb' was not found with 'BlackBone.lib(SymbolData.obj)' or at 'C:\Users\Admin\Documents\GitHub\NSLoader\Release\BlackBone.pdb'; linking object as if no debug info
BlackBone.lib(runtime.obj) : warning LNK4099: PDB 'BlackBone.pdb' was not found with 'BlackBone.lib(runtime.obj)' or at 'C:\Users\Admin\Documents\GitHub\NSLoader\Release\BlackBone.pdb'; linking object as if no debug info
BlackBone.lib(x86operand.obj) : warning LNK4099: PDB 'BlackBone.pdb' was not found with 'BlackBone.lib(x86operand.obj)' or at 'C:\Users\Admin\Documents\GitHub\NSLoader\Release\BlackBone.pdb'; linking object as if no debug info
BlackBone.lib(x86assembler.obj) : warning LNK4099: PDB 'BlackBone.pdb' was not found with 'BlackBone.lib(x86assembler.obj)' or at 'C:\Users\Admin\Documents\GitHub\NSLoader\Release\BlackBone.pdb'; linking object as if no debug info
BlackBone.lib(ImageNET.obj) : warning LNK4099: PDB 'BlackBone.pdb' was not found with 'BlackBone.lib(ImageNET.obj)' or at 'C:\Users\Admin\Documents\GitHub\NSLoader\Release\BlackBone.pdb'; linking object as if no debug info
BlackBone.lib(Thread.obj) : warning LNK4099: PDB 'BlackBone.pdb' was not found with 'BlackBone.lib(Thread.obj)' or at 'C:\Users\Admin\Documents\GitHub\NSLoader\Release\BlackBone.pdb'; linking object as if no debug info
BlackBone.lib(operand.obj) : warning LNK4099: PDB 'BlackBone.pdb' was not found with 'BlackBone.lib(operand.obj)' or at 'C:\Users\Admin\Documents\GitHub\NSLoader\Release\BlackBone.pdb'; linking object as if no debug info
BlackBone.lib(codegen.obj) : warning LNK4099: PDB 'BlackBone.pdb' was not found with 'BlackBone.lib(codegen.obj)' or at 'C:\Users\Admin\Documents\GitHub\NSLoader\Release\BlackBone.pdb'; linking object as if no debug info
BlackBone.lib(containers.obj) : warning LNK4099: PDB 'BlackBone.pdb' was not found with 'BlackBone.lib(containers.obj)' or at 'C:\Users\Admin\Documents\GitHub\NSLoader\Release\BlackBone.pdb'; linking object as if no debug info
BlackBone.lib(zone.obj) : warning LNK4099: PDB 'BlackBone.pdb' was not found with 'BlackBone.lib(zone.obj)' or at 'C:\Users\Admin\Documents\GitHub\NSLoader\Release\BlackBone.pdb'; linking object as if no debug info
BlackBone.lib(SymbolLoader.obj) : warning LNK4099: PDB 'BlackBone.pdb' was not found with 'BlackBone.lib(SymbolLoader.obj)' or at 'C:\Users\Admin\Documents\GitHub\NSLoader\Release\BlackBone.pdb'; linking object as if no debug info
BlackBone.lib(LDasm.obj) : warning LNK4099: PDB 'BlackBone.pdb' was not found with 'BlackBone.lib(LDasm.obj)' or at 'C:\Users\Admin\Documents\GitHub\NSLoader\Release\BlackBone.pdb'; linking object as if no debug info
BlackBone.lib(Wow64Subsystem.obj) : warning LNK4099: PDB 'BlackBone.pdb' was not found with 'BlackBone.lib(Wow64Subsystem.obj)' or at 'C:\Users\Admin\Documents\GitHub\NSLoader\Release\BlackBone.pdb'; linking object as if no debug info
BlackBone.lib(x86Subsystem.obj) : warning LNK4099: PDB 'BlackBone.pdb' was not found with 'BlackBone.lib(x86Subsystem.obj)' or at 'C:\Users\Admin\Documents\GitHub\NSLoader\Release\BlackBone.pdb'; linking object as if no debug info
BlackBone.lib(cpuinfo.obj) : warning LNK4099: PDB 'BlackBone.pdb' was not found with 'BlackBone.lib(cpuinfo.obj)' or at 'C:\Users\Admin\Documents\GitHub\NSLoader\Release\BlackBone.pdb'; linking object as if no debug info
BlackBone.lib(x86inst.obj) : warning LNK4099: PDB 'BlackBone.pdb' was not found with 'BlackBone.lib(x86inst.obj)' or at 'C:\Users\Admin\Documents\GitHub\NSLoader\Release\BlackBone.pdb'; linking object as if no debug info
BlackBone.lib(PDBHelper.obj) : warning LNK4099: PDB 'BlackBone.pdb' was not found with 'BlackBone.lib(PDBHelper.obj)' or at 'C:\Users\Admin\Documents\GitHub\NSLoader\Release\BlackBone.pdb'; linking object as if no debug info
BlackBone.lib(PatternLoader.obj) : warning LNK4099: PDB 'BlackBone.pdb' was not found with 'BlackBone.lib(PatternLoader.obj)' or at 'C:\Users\Admin\Documents\GitHub\NSLoader\Release\BlackBone.pdb'; linking object as if no debug info
BlackBone.lib(wow64ext.obj) : warning LNK4099: PDB 'BlackBone.pdb' was not found with 'BlackBone.lib(wow64ext.obj)' or at 'C:\Users\Admin\Documents\GitHub\NSLoader\Release\BlackBone.pdb'; linking object as if no debug info
BlackBone.lib(x86cpuinfo.obj) : warning LNK4099: PDB 'BlackBone.pdb' was not found with 'BlackBone.lib(x86cpuinfo.obj)' or at 'C:\Users\Admin\Documents\GitHub\NSLoader\Release\BlackBone.pdb'; linking object as if no debug info
BlackBone.lib(PatternSearch.obj) : warning LNK4099: PDB 'BlackBone.pdb' was not found with 'BlackBone.lib(PatternSearch.obj)' or at 'C:\Users\Admin\Documents\GitHub\NSLoader\Release\BlackBone.pdb'; linking object as if no debug info
  InjectLib.vcxproj -> C:\Users\Admin\Documents\GitHub\NSLoader\Release\InjectLib.dll
