c:\users\admin\documents\github\nsloader\obj\win32\release\blackbone\blackbone.pdb
c:\users\admin\documents\github\nsloader\obj\win32\release\blackbone\ldasm.obj
c:\users\admin\documents\github\nsloader\obj\win32\release\blackbone\containers.obj
c:\users\admin\documents\github\nsloader\obj\win32\release\blackbone\globals.obj
c:\users\admin\documents\github\nsloader\obj\win32\release\blackbone\vmem.obj
c:\users\admin\documents\github\nsloader\obj\win32\release\blackbone\x86inst.obj
c:\users\admin\documents\github\nsloader\obj\win32\release\blackbone\wow64ext.obj
c:\users\admin\documents\github\nsloader\obj\win32\release\blackbone\localhookbase.obj
c:\users\admin\documents\github\nsloader\obj\win32\release\blackbone\ntloader.obj
c:\users\admin\documents\github\nsloader\obj\win32\release\blackbone\imagenet.obj
c:\users\admin\documents\github\nsloader\obj\win32\release\blackbone\process.obj
c:\users\admin\documents\github\nsloader\obj\win32\release\blackbone\remotehook.obj
c:\users\admin\documents\github\nsloader\obj\win32\release\blackbone\nativesubsystem.obj
c:\users\admin\documents\github\nsloader\obj\win32\release\blackbone\pdbhelper.obj
c:\users\admin\documents\github\nsloader\obj\win32\release\blackbone\codegen.obj
c:\users\admin\documents\github\nsloader\obj\win32\release\blackbone\cputicks.obj
c:\users\admin\documents\github\nsloader\obj\win32\release\blackbone\string.obj
c:\users\admin\documents\github\nsloader\obj\win32\release\blackbone\x86cpuinfo.obj
c:\users\admin\documents\github\nsloader\obj\win32\release\blackbone\x86operand_regs.obj
c:\users\admin\documents\github\nsloader\obj\win32\release\blackbone\drivercontrol.obj
c:\users\admin\documents\github\nsloader\obj\win32\release\blackbone\mmap.obj
c:\users\admin\documents\github\nsloader\obj\win32\release\blackbone\patternsearch.obj
c:\users\admin\documents\github\nsloader\obj\win32\release\blackbone\processcore.obj
c:\users\admin\documents\github\nsloader\obj\win32\release\blackbone\remoteexec.obj
c:\users\admin\documents\github\nsloader\obj\win32\release\blackbone\thread.obj
c:\users\admin\documents\github\nsloader\obj\win32\release\blackbone\wow64subsystem.obj
c:\users\admin\documents\github\nsloader\obj\win32\release\blackbone\symboldata.obj
c:\users\admin\documents\github\nsloader\obj\win32\release\blackbone\assembler.obj
c:\users\admin\documents\github\nsloader\obj\win32\release\blackbone\error.obj
c:\users\admin\documents\github\nsloader\obj\win32\release\blackbone\operand.obj
c:\users\admin\documents\github\nsloader\obj\win32\release\blackbone\zone.obj
c:\users\admin\documents\github\nsloader\obj\win32\release\blackbone\x86operand.obj
c:\users\admin\documents\github\nsloader\obj\win32\release\blackbone\asmhelper32.obj
c:\users\admin\documents\github\nsloader\obj\win32\release\blackbone\tracehook.obj
c:\users\admin\documents\github\nsloader\obj\win32\release\blackbone\initonce.obj
c:\users\admin\documents\github\nsloader\obj\win32\release\blackbone\nameresolve.obj
c:\users\admin\documents\github\nsloader\obj\win32\release\blackbone\memblock.obj
c:\users\admin\documents\github\nsloader\obj\win32\release\blackbone\processmodules.obj
c:\users\admin\documents\github\nsloader\obj\win32\release\blackbone\remotememory.obj
c:\users\admin\documents\github\nsloader\obj\win32\release\blackbone\x86subsystem.obj
c:\users\admin\documents\github\nsloader\obj\win32\release\blackbone\symbolloader.obj
c:\users\admin\documents\github\nsloader\obj\win32\release\blackbone\constpool.obj
c:\users\admin\documents\github\nsloader\obj\win32\release\blackbone\cpuinfo.obj
c:\users\admin\documents\github\nsloader\obj\win32\release\blackbone\runtime.obj
c:\users\admin\documents\github\nsloader\obj\win32\release\blackbone\x86assembler.obj
c:\users\admin\documents\github\nsloader\obj\win32\release\blackbone\asmhelper64.obj
c:\users\admin\documents\github\nsloader\obj\win32\release\blackbone\mexcept.obj
c:\users\admin\documents\github\nsloader\obj\win32\release\blackbone\utils.obj
c:\users\admin\documents\github\nsloader\obj\win32\release\blackbone\peimage.obj
c:\users\admin\documents\github\nsloader\obj\win32\release\blackbone\processmemory.obj
c:\users\admin\documents\github\nsloader\obj\win32\release\blackbone\remotelocalhook.obj
c:\users\admin\documents\github\nsloader\obj\win32\release\blackbone\threads.obj
c:\users\admin\documents\github\nsloader\obj\win32\release\blackbone\patternloader.obj
c:\users\admin\documents\github\nsloader\build\win32\release\blackbone.lib
c:\users\admin\documents\github\nsloader\obj\win32\release\blackbone\syscall32.obj
c:\users\admin\documents\github\nsloader\obj\win32\release\blackbone\blackbone.tlog\cl.command.1.tlog
c:\users\admin\documents\github\nsloader\obj\win32\release\blackbone\blackbone.tlog\cl.read.1.tlog
c:\users\admin\documents\github\nsloader\obj\win32\release\blackbone\blackbone.tlog\cl.write.1.tlog
c:\users\admin\documents\github\nsloader\obj\win32\release\blackbone\blackbone.tlog\lib-link.read.1.tlog
c:\users\admin\documents\github\nsloader\obj\win32\release\blackbone\blackbone.tlog\lib-link.write.1.tlog
c:\users\admin\documents\github\nsloader\obj\win32\release\blackbone\blackbone.tlog\lib.command.1.tlog
c:\users\admin\documents\github\nsloader\obj\win32\release\blackbone\blackbone.tlog\masm.read.1u.tlog
c:\users\admin\documents\github\nsloader\obj\win32\release\blackbone\blackbone.tlog\masm.write.1u.tlog
